-------------------------------------------------------------------------------
Test set: cucumberjava.RunTest
-------------------------------------------------------------------------------
Tests run: 1, Failures: 1, Errors: 0, Skipped: 0, Time elapsed: 8.522 sec <<< FAILURE!
Login functionality exists(CucumberJava)  Time elapsed: 7.551 sec  <<< FAILURE!
java.lang.AssertionError
	at cucumberjava.CucumberJava.performSearch(CucumberJava.java:34)
	at âœ½.User should be able to perform search(classpath:cucumberjava/CucumberJava.feature:7)

