<?xml version="1.0" encoding="UTF-8" ?>
<testsuite tests="1" failures="1" name="cucumberjava.RunTest" time="7.551" errors="0" skipped="0">
  <properties>
[...]
</properties>
  <testcase classname="CucumberJava" name="Login functionality exists" time="7.551">
    <failure type="java.lang.AssertionError">java.lang.AssertionError
	at cucumberjava.CucumberJava.performSearch(CucumberJava.java:34)
	at ✽.User should be able to perform search(classpath:cucumberjava/CucumberJava.feature:7)
</failure>
    <system-out>This will run before the Scenario
This will run after the Scenario
</system-out>
    <system-err>SLF4J: Failed to load class &quot;org.slf4j.impl.StaticLoggerBinder&quot;.
SLF4J: Defaulting to no-operation (NOP) logger implementation
SLF4J: See http://www.slf4j.org/codes.html#StaticLoggerBinder for further details.
Starting ChromeDriver 86.0.4240.22 (398b0743353ff36fb1b82468f63a3a93b4e2e89e-refs/branch-heads/4240@{#378}) on port 4652
Only local connections are allowed.
Please see https://chromedriver.chromium.org/security-considerations for suggestions on keeping ChromeDriver safe.
ChromeDriver was started successfully.
Nov 04, 2020 1:35:04 AM org.openqa.selenium.remote.ProtocolHandshake createSession
INFO: Detected dialect: W3C
</system-err>
  </testcase>
</testsuite>